# JRE version: Java(TM) SE Runtime Environment (8.0_144-b01) (build 1.8.0_144-b01)
# Java VM: Java HotSpot(TM) 64-Bit Server VM (25.144-b01 mixed mode windows-amd64 compressed oops)
Heap:
 PSYoungGen      total 169472K, used 33592K [0x0000000740d80000, 0x0000000758a80000, 0x00000007c0000000)
  eden space 153600K, 21% used [0x0000000740d80000,0x0000000742e4e240,0x000000074a380000)
  from space 15872K, 0% used [0x000000074a380000,0x000000074a380000,0x000000074b300000)
  to   space 83968K, 0% used [0x0000000753880000,0x0000000753880000,0x0000000758a80000)
 ParOldGen       total 384512K, used 113376K [0x0000000642800000, 0x0000000659f80000, 0x0000000740d80000)
  object space 384512K, 29% used [0x0000000642800000,0x00000006496b8180,0x0000000659f80000)
 Metaspace       used 27349K, capacity 27828K, committed 28288K, reserved 1073152K
  class space    used 3426K, capacity 3588K, committed 3712K, reserved 1048576K
GC Heap History (10 events):
Event: 2.546 GC heap before
{Heap before GC invocations=3 (full 1):
 PSYoungGen      total 114176K, used 15844K [0x0000000740d80000, 0x000000074ec80000, 0x00000007c0000000)
  eden space 98304K, 0% used [0x0000000740d80000,0x0000000740d80000,0x0000000746d80000)
  from space 15872K, 99% used [0x0000000747d00000,0x0000000748c792b8,0x0000000748c80000)
  to   space 15872K, 0% used [0x0000000746d80000,0x0000000746d80000,0x0000000747d00000)
 ParOldGen       total 261120K, used 5425K [0x0000000642800000, 0x0000000652700000, 0x0000000740d80000)
  object space 261120K, 2% used [0x0000000642800000,0x0000000642d4c7a0,0x0000000652700000)
 Metaspace       used 20703K, capacity 20946K, committed 21248K, reserved 1067008K
  class space    used 2655K, capacity 2739K, committed 2816K, reserved 1048576K
Event: 2.584 GC heap after
Heap after GC invocations=3 (full 1):
 PSYoungGen      total 114176K, used 0K [0x0000000740d80000, 0x000000074ec80000, 0x00000007c0000000)
  eden space 98304K, 0% used [0x0000000740d80000,0x0000000740d80000,0x0000000746d80000)
  from space 15872K, 0% used [0x0000000747d00000,0x0000000747d00000,0x0000000748c80000)
  to   space 15872K, 0% used [0x0000000746d80000,0x0000000746d80000,0x0000000747d00000)
 ParOldGen       total 162816K, used 16932K [0x0000000642800000, 0x000000064c700000, 0x0000000740d80000)
  object space 162816K, 10% used [0x0000000642800000,0x0000000643889048,0x000000064c700000)
 Metaspace       used 20703K, capacity 20946K, committed 21248K, reserved 1067008K
  class space    used 2655K, capacity 2739K, committed 2816K, reserved 1048576K
}
Event: 13.268 GC heap before
{Heap before GC invocations=4 (full 1):
 PSYoungGen      total 114176K, used 98304K [0x0000000740d80000, 0x000000074ec80000, 0x00000007c0000000)
  eden space 98304K, 100% used [0x0000000740d80000,0x0000000746d80000,0x0000000746d80000)
  from space 15872K, 0% used [0x0000000747d00000,0x0000000747d00000,0x0000000748c80000)
  to   space 15872K, 0% used [0x0000000746d80000,0x0000000746d80000,0x0000000747d00000)
 ParOldGen       total 162816K, used 16932K [0x0000000642800000, 0x000000064c700000, 0x0000000740d80000)
  object space 162816K, 10% used [0x0000000642800000,0x0000000643889048,0x000000064c700000)
 Metaspace       used 26921K, capacity 27364K, committed 27776K, reserved 1073152K
  class space    used 3421K, capacity 3588K, committed 3712K, reserved 1048576K
Event: 13.449 GC heap after
Heap after GC invocations=4 (full 1):
 PSYoungGen      total 114176K, used 6529K [0x0000000740d80000, 0x000000074c280000, 0x00000007c0000000)
  eden space 98304K, 0% used [0x0000000740d80000,0x0000000740d80000,0x0000000746d80000)
  from space 15872K, 41% used [0x0000000746d80000,0x00000007473e0658,0x0000000747d00000)
  to   space 15872K, 0% used [0x000000074b300000,0x000000074b300000,0x000000074c280000)
 ParOldGen       total 162816K, used 61324K [0x0000000642800000, 0x000000064c700000, 0x0000000740d80000)
  object space 162816K, 37% used [0x0000000642800000,0x00000006463e3008,0x000000064c700000)
 Metaspace       used 26921K, capacity 27364K, committed 27776K, reserved 1073152K
  class space    used 3421K, capacity 3588K, committed 3712K, reserved 1048576K
}
Event: 15.715 GC heap before
{Heap before GC invocations=5 (full 1):
 PSYoungGen      total 114176K, used 104833K [0x0000000740d80000, 0x000000074c280000, 0x00000007c0000000)
  eden space 98304K, 100% used [0x0000000740d80000,0x0000000746d80000,0x0000000746d80000)
  from space 15872K, 41% used [0x0000000746d80000,0x00000007473e0658,0x0000000747d00000)
  to   space 15872K, 0% used [0x000000074b300000,0x000000074b300000,0x000000074c280000)
 ParOldGen       total 162816K, used 61324K [0x0000000642800000, 0x000000064c700000, 0x0000000740d80000)
  object space 162816K, 37% used [0x0000000642800000,0x00000006463e3008,0x000000064c700000)
 Metaspace       used 26966K, capacity 27432K, committed 27776K, reserved 1073152K
  class space    used 3422K, capacity 3588K, committed 3712K, reserved 1048576K
Event: 15.728 GC heap after
Heap after GC invocations=5 (full 1):
 PSYoungGen      total 164864K, used 15867K [0x0000000740d80000, 0x000000074c280000, 0x00000007c0000000)
  eden space 148992K, 0% used [0x0000000740d80000,0x0000000740d80000,0x0000000749f00000)
  from space 15872K, 99% used [0x000000074b300000,0x000000074c27ee28,0x000000074c280000)
  to   space 15872K, 0% used [0x000000074a380000,0x000000074a380000,0x000000074b300000)
 ParOldGen       total 162816K, used 91804K [0x0000000642800000, 0x000000064c700000, 0x0000000740d80000)
  object space 162816K, 56% used [0x0000000642800000,0x00000006481a7008,0x000000064c700000)
 Metaspace       used 26966K, capacity 27432K, committed 27776K, reserved 1073152K
  class space    used 3422K, capacity 3588K, committed 3712K, reserved 1048576K
}
Event: 18.036 GC heap before
{Heap before GC invocations=6 (full 1):
 PSYoungGen      total 164864K, used 164859K [0x0000000740d80000, 0x000000074c280000, 0x00000007c0000000)
  eden space 148992K, 100% used [0x0000000740d80000,0x0000000749f00000,0x0000000749f00000)
  from space 15872K, 99% used [0x000000074b300000,0x000000074c27ee28,0x000000074c280000)
  to   space 15872K, 0% used [0x000000074a380000,0x000000074a380000,0x000000074b300000)
 ParOldGen       total 162816K, used 91804K [0x0000000642800000, 0x000000064c700000, 0x0000000740d80000)
  object space 162816K, 56% used [0x0000000642800000,0x00000006481a7008,0x000000064c700000)
 Metaspace       used 27242K, capacity 27700K, committed 28032K, reserved 1073152K
  class space    used 3423K, capacity 3588K, committed 3712K, reserved 1048576K
Event: 18.059 GC heap after
Heap after GC invocations=6 (full 1):
 PSYoungGen      total 169472K, used 15844K [0x0000000740d80000, 0x0000000758a80000, 0x00000007c0000000)
  eden space 153600K, 0% used [0x0000000740d80000,0x0000000740d80000,0x000000074a380000)
  from space 15872K, 99% used [0x000000074a380000,0x000000074b2f9040,0x000000074b300000)
  to   space 83968K, 0% used [0x0000000753880000,0x0000000753880000,0x0000000758a80000)
 ParOldGen       total 162816K, used 159020K [0x0000000642800000, 0x000000064c700000, 0x0000000740d80000)
  object space 162816K, 97% used [0x0000000642800000,0x000000064c34b008,0x000000064c700000)
 Metaspace       used 27242K, capacity 27700K, committed 28032K, reserved 1073152K
  class space    used 3423K, capacity 3588K, committed 3712K, reserved 1048576K
}
Event: 18.059 GC heap before
{Heap before GC invocations=7 (full 2):
 PSYoungGen      total 169472K, used 15844K [0x0000000740d80000, 0x0000000758a80000, 0x00000007c0000000)
  eden space 153600K, 0% used [0x0000000740d80000,0x0000000740d80000,0x000000074a380000)
  from space 15872K, 99% used [0x000000074a380000,0x000000074b2f9040,0x000000074b300000)
  to   space 83968K, 0% used [0x0000000753880000,0x0000000753880000,0x0000000758a80000)
 ParOldGen       total 162816K, used 159020K [0x0000000642800000, 0x000000064c700000, 0x0000000740d80000)
  object space 162816K, 97% used [0x0000000642800000,0x000000064c34b008,0x000000064c700000)
 Metaspace       used 27242K, capacity 27700K, committed 28032K, reserved 1073152K
  class space    used 3423K, capacity 3588K, committed 3712K, reserved 1048576K
Event: 18.104 GC heap after
Heap after GC invocations=7 (full 2):
 PSYoungGen      total 169472K, used 0K [0x0000000740d80000, 0x0000000758a80000, 0x00000007c0000000)
  eden space 153600K, 0% used [0x0000000740d80000,0x0000000740d80000,0x000000074a380000)
  from space 15872K, 0% used [0x000000074a380000,0x000000074a380000,0x000000074b300000)
  to   space 83968K, 0% used [0x0000000753880000,0x0000000753880000,0x0000000758a80000)
 ParOldGen       total 384512K, used 113376K [0x0000000642800000, 0x0000000659f80000, 0x0000000740d80000)
  object space 384512K, 29% used [0x0000000642800000,0x00000006496b8180,0x0000000659f80000)
 Metaspace       used 27242K, capacity 27700K, committed 28032K, reserved 1073152K
  class space    used 3423K, capacity 3588K, committed 3712K, reserved 1048576K
}

