# JRE version: Java(TM) SE Runtime Environment (8.0_144-b01) (build 1.8.0_144-b01)
# Java VM: Java HotSpot(TM) 64-Bit Server VM (25.144-b01 mixed mode windows-amd64 compressed oops)
Heap:
 PSYoungGen      total 164864K, used 43035K [0x0000000740d80000, 0x0000000758480000, 0x00000007c0000000)
  eden space 148992K, 28% used [0x0000000740d80000,0x0000000743786cd8,0x0000000749f00000)
  from space 15872K, 0% used [0x0000000749f00000,0x0000000749f00000,0x000000074ae80000)
  to   space 83456K, 0% used [0x0000000753300000,0x0000000753300000,0x0000000758480000)
 ParOldGen       total 384512K, used 112674K [0x0000000642800000, 0x0000000659f80000, 0x0000000740d80000)
  object space 384512K, 29% used [0x0000000642800000,0x0000000649608948,0x0000000659f80000)
 Metaspace       used 27349K, capacity 27828K, committed 28288K, reserved 1073152K
  class space    used 3425K, capacity 3588K, committed 3712K, reserved 1048576K
GC Heap History (10 events):
Event: 2.539 GC heap before
{Heap before GC invocations=3 (full 1):
 PSYoungGen      total 114176K, used 15841K [0x0000000740d80000, 0x000000074ec80000, 0x00000007c0000000)
  eden space 98304K, 0% used [0x0000000740d80000,0x0000000740d80000,0x0000000746d80000)
  from space 15872K, 99% used [0x0000000747d00000,0x0000000748c78640,0x0000000748c80000)
  to   space 15872K, 0% used [0x0000000746d80000,0x0000000746d80000,0x0000000747d00000)
 ParOldGen       total 261120K, used 5450K [0x0000000642800000, 0x0000000652700000, 0x0000000740d80000)
  object space 261120K, 2% used [0x0000000642800000,0x0000000642d52800,0x0000000652700000)
 Metaspace       used 20767K, capacity 20946K, committed 21248K, reserved 1067008K
  class space    used 2660K, capacity 2739K, committed 2816K, reserved 1048576K
Event: 2.577 GC heap after
Heap after GC invocations=3 (full 1):
 PSYoungGen      total 114176K, used 0K [0x0000000740d80000, 0x000000074ec80000, 0x00000007c0000000)
  eden space 98304K, 0% used [0x0000000740d80000,0x0000000740d80000,0x0000000746d80000)
  from space 15872K, 0% used [0x0000000747d00000,0x0000000747d00000,0x0000000748c80000)
  to   space 15872K, 0% used [0x0000000746d80000,0x0000000746d80000,0x0000000747d00000)
 ParOldGen       total 162304K, used 16964K [0x0000000642800000, 0x000000064c680000, 0x0000000740d80000)
  object space 162304K, 10% used [0x0000000642800000,0x0000000643891388,0x000000064c680000)
 Metaspace       used 20767K, capacity 20946K, committed 21248K, reserved 1067008K
  class space    used 2660K, capacity 2739K, committed 2816K, reserved 1048576K
}
Event: 5.915 GC heap before
{Heap before GC invocations=4 (full 1):
 PSYoungGen      total 114176K, used 98304K [0x0000000740d80000, 0x000000074ec80000, 0x00000007c0000000)
  eden space 98304K, 100% used [0x0000000740d80000,0x0000000746d80000,0x0000000746d80000)
  from space 15872K, 0% used [0x0000000747d00000,0x0000000747d00000,0x0000000748c80000)
  to   space 15872K, 0% used [0x0000000746d80000,0x0000000746d80000,0x0000000747d00000)
 ParOldGen       total 162304K, used 16964K [0x0000000642800000, 0x000000064c680000, 0x0000000740d80000)
  object space 162304K, 10% used [0x0000000642800000,0x0000000643891388,0x000000064c680000)
 Metaspace       used 26915K, capacity 27364K, committed 27776K, reserved 1073152K
  class space    used 3420K, capacity 3588K, committed 3712K, reserved 1048576K
Event: 5.938 GC heap after
Heap after GC invocations=4 (full 1):
 PSYoungGen      total 114176K, used 6552K [0x0000000740d80000, 0x000000074be00000, 0x00000007c0000000)
  eden space 98304K, 0% used [0x0000000740d80000,0x0000000740d80000,0x0000000746d80000)
  from space 15872K, 41% used [0x0000000746d80000,0x00000007473e62d8,0x0000000747d00000)
  to   space 15872K, 0% used [0x000000074ae80000,0x000000074ae80000,0x000000074be00000)
 ParOldGen       total 162304K, used 61496K [0x0000000642800000, 0x000000064c680000, 0x0000000740d80000)
  object space 162304K, 37% used [0x0000000642800000,0x000000064640e130,0x000000064c680000)
 Metaspace       used 26915K, capacity 27364K, committed 27776K, reserved 1073152K
  class space    used 3420K, capacity 3588K, committed 3712K, reserved 1048576K
}
Event: 9.442 GC heap before
{Heap before GC invocations=5 (full 1):
 PSYoungGen      total 114176K, used 104856K [0x0000000740d80000, 0x000000074be00000, 0x00000007c0000000)
  eden space 98304K, 100% used [0x0000000740d80000,0x0000000746d80000,0x0000000746d80000)
  from space 15872K, 41% used [0x0000000746d80000,0x00000007473e62d8,0x0000000747d00000)
  to   space 15872K, 0% used [0x000000074ae80000,0x000000074ae80000,0x000000074be00000)
 ParOldGen       total 162304K, used 61496K [0x0000000642800000, 0x000000064c680000, 0x0000000740d80000)
  object space 162304K, 37% used [0x0000000642800000,0x000000064640e130,0x000000064c680000)
 Metaspace       used 26959K, capacity 27432K, committed 27776K, reserved 1073152K
  class space    used 3421K, capacity 3588K, committed 3712K, reserved 1048576K
Event: 9.454 GC heap after
Heap after GC invocations=5 (full 1):
 PSYoungGen      total 159744K, used 15867K [0x0000000740d80000, 0x000000074be00000, 0x00000007c0000000)
  eden space 143872K, 0% used [0x0000000740d80000,0x0000000740d80000,0x0000000749a00000)
  from space 15872K, 99% used [0x000000074ae80000,0x000000074bdfee28,0x000000074be00000)
  to   space 15872K, 0% used [0x0000000749f00000,0x0000000749f00000,0x000000074ae80000)
 ParOldGen       total 162304K, used 90872K [0x0000000642800000, 0x000000064c680000, 0x0000000740d80000)
  object space 162304K, 55% used [0x0000000642800000,0x00000006480be130,0x000000064c680000)
 Metaspace       used 26959K, capacity 27432K, committed 27776K, reserved 1073152K
  class space    used 3421K, capacity 3588K, committed 3712K, reserved 1048576K
}
Event: 10.344 GC heap before
{Heap before GC invocations=6 (full 1):
 PSYoungGen      total 159744K, used 159739K [0x0000000740d80000, 0x000000074be00000, 0x00000007c0000000)
  eden space 143872K, 100% used [0x0000000740d80000,0x0000000749a00000,0x0000000749a00000)
  from space 15872K, 99% used [0x000000074ae80000,0x000000074bdfee28,0x000000074be00000)
  to   space 15872K, 0% used [0x0000000749f00000,0x0000000749f00000,0x000000074ae80000)
 ParOldGen       total 162304K, used 90872K [0x0000000642800000, 0x000000064c680000, 0x0000000740d80000)
  object space 162304K, 55% used [0x0000000642800000,0x00000006480be130,0x000000064c680000)
 Metaspace       used 27207K, capacity 27700K, committed 28032K, reserved 1073152K
  class space    used 3422K, capacity 3588K, committed 3712K, reserved 1048576K
Event: 10.366 GC heap after
Heap after GC invocations=6 (full 1):
 PSYoungGen      total 164864K, used 15844K [0x0000000740d80000, 0x0000000758480000, 0x00000007c0000000)
  eden space 148992K, 0% used [0x0000000740d80000,0x0000000740d80000,0x0000000749f00000)
  from space 15872K, 99% used [0x0000000749f00000,0x000000074ae79040,0x000000074ae80000)
  to   space 83456K, 0% used [0x0000000753300000,0x0000000753300000,0x0000000758480000)
 ParOldGen       total 162304K, used 158328K [0x0000000642800000, 0x000000064c680000, 0x0000000740d80000)
  object space 162304K, 97% used [0x0000000642800000,0x000000064c29e130,0x000000064c680000)
 Metaspace       used 27207K, capacity 27700K, committed 28032K, reserved 1073152K
  class space    used 3422K, capacity 3588K, committed 3712K, reserved 1048576K
}
Event: 10.366 GC heap before
{Heap before GC invocations=7 (full 2):
 PSYoungGen      total 164864K, used 15844K [0x0000000740d80000, 0x0000000758480000, 0x00000007c0000000)
  eden space 148992K, 0% used [0x0000000740d80000,0x0000000740d80000,0x0000000749f00000)
  from space 15872K, 99% used [0x0000000749f00000,0x000000074ae79040,0x000000074ae80000)
  to   space 83456K, 0% used [0x0000000753300000,0x0000000753300000,0x0000000758480000)
 ParOldGen       total 162304K, used 158328K [0x0000000642800000, 0x000000064c680000, 0x0000000740d80000)
  object space 162304K, 97% used [0x0000000642800000,0x000000064c29e130,0x000000064c680000)
 Metaspace       used 27207K, capacity 27700K, committed 28032K, reserved 1073152K
  class space    used 3422K, capacity 3588K, committed 3712K, reserved 1048576K
Event: 10.409 GC heap after
Heap after GC invocations=7 (full 2):
 PSYoungGen      total 164864K, used 0K [0x0000000740d80000, 0x0000000758480000, 0x00000007c0000000)
  eden space 148992K, 0% used [0x0000000740d80000,0x0000000740d80000,0x0000000749f00000)
  from space 15872K, 0% used [0x0000000749f00000,0x0000000749f00000,0x000000074ae80000)
  to   space 83456K, 0% used [0x0000000753300000,0x0000000753300000,0x0000000758480000)
 ParOldGen       total 384512K, used 112674K [0x0000000642800000, 0x0000000659f80000, 0x0000000740d80000)
  object space 384512K, 29% used [0x0000000642800000,0x0000000649608948,0x0000000659f80000)
 Metaspace       used 27207K, capacity 27700K, committed 28032K, reserved 1073152K
  class space    used 3422K, capacity 3588K, committed 3712K, reserved 1048576K
}

